<?xml version="1.0"?>
<component name="org.nuxeo.runtime.stream.tests.service.contrib">

    <extension point="logConfig" target="org.nuxeo.runtime.stream.service">

        <logConfig name="default">
            <log name="input" size="1"/>
            <log name="output" size="1"/>
        </logConfig>

        <logConfig name="import"/>

        <logConfig name="chronicle"/>

        <logConfig name="kafka" type="kafka">
            <option name="config">default</option>
        </logConfig>

        <logConfig name="kafka-no-subscribe" type="kafka">
            <option name="config">no-subscribe</option>
        </logConfig>

        <!-- -->
        <logConfig name="csv-stream-import??" type="chronicle">
            <option name="directory">import</option>
            <option name="basePath">/tmp</option>
            <option name="retention">4d</option>
            <log name="csv-stream-import" size="1"/>
        </logConfig>

    </extension>
</component>
